# JRE version: OpenJDK Runtime Environment Temurin-21.0.6+7 (21.0.6+7) (build 21.0.6+7-LTS)
# Java VM: OpenJDK 64-Bit Server VM Temurin-21.0.6+7 (21.0.6+7-LTS, mixed mode, sharing, tiered, compressed oops, compressed class ptrs, g1 gc, windows-amd64)
GC Precious Log:
 CardTable entry size: 512
 Card Set container configuration: InlinePtr #cards 4 size 8 Array Of Cards #cards 64 size 144 Howl #buckets 8 coarsen threshold 14745 Howl Bitmap #cards 2048 size 272 coarsen threshold 1843 Card regions per heap region 1 cards per card region 16384
 CPUs: 12 total, 12 available
 Memory: 7916M
 Large Page Support: Disabled
 NUMA Support: Disabled
 Compressed Oops: Enabled (Zero based)
 Heap Region Size: 8M
 Heap Min Capacity: 8M
 Heap Initial Capacity: 128M
 Heap Max Capacity: 12G
 Pre-touch: Disabled
 Parallel Workers: 10
 Concurrent Workers: 3
 Concurrent Refinement Workers: 10
 Periodic GC: Disabled
Heap:
 garbage-first heap   total 1179648K, used 735520K [0x0000000500000000, 0x0000000800000000)
  region size 8192K, 3 young (24576K), 3 survivors (24576K)
 Metaspace       used 1911K, committed 2048K, reserved 1114112K
  class space    used 168K, committed 256K, reserved 1048576K
GC Heap History (20 events):
Event: 0.341 GC heap after
{Heap after GC invocations=3 (full 0):
 garbage-first heap   total 131072K, used 32191K [0x0000000500000000, 0x0000000800000000)
  region size 8192K, 1 young (8192K), 1 survivors (8192K)
 Metaspace       used 1845K, committed 2048K, reserved 1114112K
  class space    used 161K, committed 256K, reserved 1048576K
}
Event: 0.352 GC heap before
{Heap before GC invocations=3 (full 0):
 garbage-first heap   total 131072K, used 48575K [0x0000000500000000, 0x0000000800000000)
  region size 8192K, 3 young (24576K), 1 survivors (8192K)
 Metaspace       used 1845K, committed 2048K, reserved 1114112K
  class space    used 161K, committed 256K, reserved 1048576K
}
Event: 0.374 GC heap after
{Heap after GC invocations=4 (full 0):
 garbage-first heap   total 131072K, used 50203K [0x0000000500000000, 0x0000000800000000)
  region size 8192K, 1 young (8192K), 1 survivors (8192K)
 Metaspace       used 1845K, committed 2048K, reserved 1114112K
  class space    used 161K, committed 256K, reserved 1048576K
}
Event: 0.381 GC heap before
{Heap before GC invocations=4 (full 0):
 garbage-first heap   total 131072K, used 66587K [0x0000000500000000, 0x0000000800000000)
  region size 8192K, 3 young (24576K), 1 survivors (8192K)
 Metaspace       used 1845K, committed 2048K, reserved 1114112K
  class space    used 161K, committed 256K, reserved 1048576K
}
Event: 0.404 GC heap after
{Heap after GC invocations=5 (full 0):
 garbage-first heap   total 393216K, used 68368K [0x0000000500000000, 0x0000000800000000)
  region size 8192K, 1 young (8192K), 1 survivors (8192K)
 Metaspace       used 1845K, committed 2048K, reserved 1114112K
  class space    used 161K, committed 256K, reserved 1048576K
}
Event: 0.478 GC heap before
{Heap before GC invocations=5 (full 0):
 garbage-first heap   total 393216K, used 92944K [0x0000000500000000, 0x0000000800000000)
  region size 8192K, 4 young (32768K), 1 survivors (8192K)
 Metaspace       used 1851K, committed 2048K, reserved 1114112K
  class space    used 161K, committed 256K, reserved 1048576K
}
Event: 0.500 GC heap after
{Heap after GC invocations=6 (full 0):
 garbage-first heap   total 393216K, used 73513K [0x0000000500000000, 0x0000000800000000)
  region size 8192K, 1 young (8192K), 1 survivors (8192K)
 Metaspace       used 1851K, committed 2048K, reserved 1114112K
  class space    used 161K, committed 256K, reserved 1048576K
}
Event: 0.521 GC heap before
{Heap before GC invocations=6 (full 0):
 garbage-first heap   total 393216K, used 81705K [0x0000000500000000, 0x0000000800000000)
  region size 8192K, 2 young (16384K), 1 survivors (8192K)
 Metaspace       used 1909K, committed 2048K, reserved 1114112K
  class space    used 168K, committed 256K, reserved 1048576K
}
Event: 0.539 GC heap after
{Heap after GC invocations=7 (full 0):
 garbage-first heap   total 393216K, used 75383K [0x0000000500000000, 0x0000000800000000)
  region size 8192K, 1 young (8192K), 1 survivors (8192K)
 Metaspace       used 1909K, committed 2048K, reserved 1114112K
  class space    used 168K, committed 256K, reserved 1048576K
}
Event: 0.587 GC heap before
{Heap before GC invocations=7 (full 0):
 garbage-first heap   total 393216K, used 140919K [0x0000000500000000, 0x0000000800000000)
  region size 8192K, 9 young (73728K), 1 survivors (8192K)
 Metaspace       used 1910K, committed 2048K, reserved 1114112K
  class space    used 168K, committed 256K, reserved 1048576K
}
Event: 0.622 GC heap after
{Heap after GC invocations=8 (full 0):
 garbage-first heap   total 393216K, used 142866K [0x0000000500000000, 0x0000000800000000)
  region size 8192K, 2 young (16384K), 2 survivors (16384K)
 Metaspace       used 1910K, committed 2048K, reserved 1114112K
  class space    used 168K, committed 256K, reserved 1048576K
}
Event: 0.638 GC heap before
{Heap before GC invocations=8 (full 0):
 garbage-first heap   total 393216K, used 208402K [0x0000000500000000, 0x0000000800000000)
  region size 8192K, 10 young (81920K), 2 survivors (16384K)
 Metaspace       used 1910K, committed 2048K, reserved 1114112K
  class space    used 168K, committed 256K, reserved 1048576K
}
Event: 0.673 GC heap after
{Heap after GC invocations=9 (full 0):
 garbage-first heap   total 1179648K, used 216596K [0x0000000500000000, 0x0000000800000000)
  region size 8192K, 2 young (16384K), 2 survivors (16384K)
 Metaspace       used 1910K, committed 2048K, reserved 1114112K
  class space    used 168K, committed 256K, reserved 1048576K
}
Event: 0.733 GC heap before
{Heap before GC invocations=9 (full 0):
 garbage-first heap   total 1179648K, used 298516K [0x0000000500000000, 0x0000000800000000)
  region size 8192K, 12 young (98304K), 2 survivors (16384K)
 Metaspace       used 1910K, committed 2048K, reserved 1114112K
  class space    used 168K, committed 256K, reserved 1048576K
}
Event: 0.777 GC heap after
{Heap after GC invocations=10 (full 0):
 garbage-first heap   total 1179648K, used 305473K [0x0000000500000000, 0x0000000800000000)
  region size 8192K, 2 young (16384K), 2 survivors (16384K)
 Metaspace       used 1910K, committed 2048K, reserved 1114112K
  class space    used 168K, committed 256K, reserved 1048576K
}
Event: 0.808 GC heap before
{Heap before GC invocations=10 (full 0):
 garbage-first heap   total 1179648K, used 411969K [0x0000000500000000, 0x0000000800000000)
  region size 8192K, 15 young (122880K), 2 survivors (16384K)
 Metaspace       used 1910K, committed 2048K, reserved 1114112K
  class space    used 168K, committed 256K, reserved 1048576K
}
Event: 0.849 GC heap after
{Heap after GC invocations=11 (full 0):
 garbage-first heap   total 1179648K, used 423850K [0x0000000500000000, 0x0000000800000000)
  region size 8192K, 2 young (16384K), 2 survivors (16384K)
 Metaspace       used 1910K, committed 2048K, reserved 1114112K
  class space    used 168K, committed 256K, reserved 1048576K
}
Event: 0.882 GC heap before
{Heap before GC invocations=11 (full 0):
 garbage-first heap   total 1179648K, used 554922K [0x0000000500000000, 0x0000000800000000)
  region size 8192K, 18 young (147456K), 2 survivors (16384K)
 Metaspace       used 1910K, committed 2048K, reserved 1114112K
  class space    used 168K, committed 256K, reserved 1048576K
}
Event: 0.978 GC heap after
{Heap after GC invocations=12 (full 0):
 garbage-first heap   total 1179648K, used 573440K [0x0000000500000000, 0x0000000800000000)
  region size 8192K, 3 young (24576K), 3 survivors (24576K)
 Metaspace       used 1910K, committed 2048K, reserved 1114112K
  class space    used 168K, committed 256K, reserved 1048576K
}
Event: 1.026 GC heap before
{Heap before GC invocations=12 (full 0):
 garbage-first heap   total 1179648K, used 720896K [0x0000000500000000, 0x0000000800000000)
  region size 8192K, 21 young (172032K), 3 survivors (24576K)
 Metaspace       used 1911K, committed 2048K, reserved 1114112K
  class space    used 168K, committed 256K, reserved 1048576K
}

